<?xml version="1.0" encoding="UTF-8"?>
<!-- Generated by org.testng.reporters.JUnitReportReporter -->
<testsuite hostname="LAPTOP-84S2JM3M" failures="0" tests="1" name="tek.sqa.framework.tests.RetailTest" time="7.694" errors="0" timestamp="2023-04-25T10:56:22 EDT" skipped="0">
  <testcase classname="tek.sqa.framework.tests.RetailTest" name="endToEndTest" time="7.694"/>
  <system-out/>
</testsuite> <!-- tek.sqa.framework.tests.RetailTest -->
