<?xml version="1.0" encoding="UTF-8"?>
<!-- Generated by org.testng.reporters.JUnitReportReporter -->
<testsuite hostname="LAPTOP-84S2JM3M" failures="0" tests="1" name="tek.sqa.framework.tests.RetailTest" time="6.825" errors="0" timestamp="2023-04-24T17:56:28 EDT" skipped="0">
  <testcase classname="tek.sqa.framework.tests.RetailTest" name="endToEndTest" time="6.825"/>
  <system-out/>
</testsuite> <!-- tek.sqa.framework.tests.RetailTest -->
